<?xml version="1.0" encoding="UTF-8"?>
<coverage generated="1673393949108" clover="3.2.0">
  <project timestamp="1673393949108" name="All files">
    <metrics statements="44" coveredstatements="40" conditionals="6" coveredconditionals="6" methods="23" coveredmethods="21" elements="73" coveredelements="67" complexity="0" loc="44" ncloc="44" packages="1" files="6" classes="6"/>
    <file name="App.js" path="/Users/heatherzeligman/Desktop/careerfoundry/meet/src/App.js">
      <metrics statements="12" coveredstatements="12" conditionals="4" coveredconditionals="4" methods="7" coveredmethods="7"/>
      <line num="8" count="5" type="stmt"/>
      <line num="14" count="5" type="stmt"/>
      <line num="15" count="5" type="stmt"/>
      <line num="16" count="5" type="cond" truecount="2" falsecount="0"/>
      <line num="17" count="3" type="stmt"/>
      <line num="23" count="4" type="stmt"/>
      <line num="26" count="5" type="stmt"/>
      <line num="27" count="2" type="stmt"/>
      <line num="28" count="2" type="cond" truecount="2" falsecount="0"/>
      <line num="30" count="2" type="stmt"/>
      <line num="31" count="2" type="stmt"/>
      <line num="38" count="10" type="stmt"/>
    </file>
    <file name="CitySearch.js" path="/Users/heatherzeligman/Desktop/careerfoundry/meet/src/CitySearch.js">
      <metrics statements="14" coveredstatements="14" conditionals="2" coveredconditionals="2" methods="8" coveredmethods="8"/>
      <line num="4" count="5" type="stmt"/>
      <line num="10" count="5" type="stmt"/>
      <line num="11" count="2" type="stmt"/>
      <line num="12" count="2" type="stmt"/>
      <line num="13" count="4" type="stmt"/>
      <line num="15" count="2" type="stmt"/>
      <line num="21" count="5" type="stmt"/>
      <line num="22" count="4" type="stmt"/>
      <line num="27" count="4" type="stmt"/>
      <line num="31" count="22" type="stmt"/>
      <line num="38" count="1" type="stmt"/>
      <line num="42" count="17" type="stmt"/>
      <line num="44" count="2" type="stmt"/>
      <line num="46" count="1" type="stmt"/>
    </file>
    <file name="EventList.js" path="/Users/heatherzeligman/Desktop/careerfoundry/meet/src/EventList.js">
      <metrics statements="3" coveredstatements="3" conditionals="0" coveredconditionals="0" methods="2" coveredmethods="2"/>
      <line num="6" count="8" type="stmt"/>
      <line num="7" count="8" type="stmt"/>
      <line num="10" count="7" type="stmt"/>
    </file>
    <file name="NumberOfEvents.js" path="/Users/heatherzeligman/Desktop/careerfoundry/meet/src/NumberOfEvents.js">
      <metrics statements="8" coveredstatements="4" conditionals="0" coveredconditionals="0" methods="3" coveredmethods="1"/>
      <line num="5" count="1" type="stmt"/>
      <line num="7" count="1" type="stmt"/>
      <line num="8" count="0" type="stmt"/>
      <line num="9" count="0" type="stmt"/>
      <line num="10" count="0" type="stmt"/>
      <line num="16" count="1" type="stmt"/>
      <line num="17" count="1" type="stmt"/>
      <line num="25" count="0" type="stmt"/>
    </file>
    <file name="api.js" path="/Users/heatherzeligman/Desktop/careerfoundry/meet/src/api.js">
      <metrics statements="6" coveredstatements="6" conditionals="0" coveredconditionals="0" methods="3" coveredmethods="3"/>
      <line num="10" count="2" type="stmt"/>
      <line num="11" count="12" type="stmt"/>
      <line num="12" count="6" type="stmt"/>
      <line num="13" count="6" type="stmt"/>
      <line num="16" count="2" type="stmt"/>
      <line num="17" count="9" type="stmt"/>
    </file>
    <file name="mock-data.js" path="/Users/heatherzeligman/Desktop/careerfoundry/meet/src/mock-data.js">
      <metrics statements="1" coveredstatements="1" conditionals="0" coveredconditionals="0" methods="0" coveredmethods="0"/>
      <line num="1" count="2" type="stmt"/>
    </file>
  </project>
</coverage>
